<?xml version="1.0" encoding="UTF-8"?>
<testsuite xmlns:xsi="http://www.w3.org/2001/XMLSchema-instance" xsi:noNamespaceSchemaLocation="https://maven.apache.org/surefire/maven-surefire-plugin/xsd/surefire-test-report-3.0.xsd" version="3.0" name="com.webform.automation.runners.UiTestRunner" time="19.634" tests="3" errors="0" skipped="0" failures="0">
  <properties>
[...]
</properties>
  <testcase name="runScenario[&quot;Fill and submit the web form&quot;, &quot;Web Form Testing&quot;](1)" classname="com.webform.automation.runners.UiTestRunner" time="8.693">
    <system-out><![CDATA[
@ui
Scenario: Fill and submit the web form             &amp#27;[90m# src/test/resources/features/web_form.feature:4&amp#27;[0m

    Starting API test: Fill and submit the web form

  &amp#27;[32mGiven &amp#27;[0m&amp#27;[32mI am on the web form page&amp#27;[0m                  &amp#27;[90m# com.webform.automation.pages.WebFormSteps.iAmOnTheWebFormPage()&amp#27;[0m
  &amp#27;[32mWhen &amp#27;[0m&amp#27;[32mI enter &amp#27;[0m&amp#27;[32m&amp#27;[1m"Test User"&amp#27;[0m&amp#27;[32m in the text input field&amp#27;[0m &amp#27;[90m# com.webform.automation.pages.WebFormSteps.iEnterInTheTextInputField(java.lang.String)&amp#27;[0m
  &amp#27;[32mAnd &amp#27;[0m&amp#27;[32mI enter &amp#27;[0m&amp#27;[32m&amp#27;[1m"password123"&amp#27;[0m&amp#27;[32m in the password field&amp#27;[0m  &amp#27;[90m# com.webform.automation.pages.WebFormSteps.iEnterInThePasswordField(java.lang.String)&amp#27;[0m
  &amp#27;[32mAnd &amp#27;[0m&amp#27;[32mI enter &amp#27;[0m&amp#27;[32m&amp#27;[1m"This is a test."&amp#27;[0m&amp#27;[32m in the textarea&amp#27;[0m    &amp#27;[90m# com.webform.automation.pages.WebFormSteps.iEnterInTheTextarea(java.lang.String)&amp#27;[0m
  &amp#27;[32mAnd &amp#27;[0m&amp#27;[32mI select &amp#27;[0m&amp#27;[32m&amp#27;[1m"One"&amp#27;[0m&amp#27;[32m from the dropdown menu&amp#27;[0m        &amp#27;[90m# com.webform.automation.pages.WebFormSteps.iSelectFromTheDropdownMenu(java.lang.String)&amp#27;[0m
  &amp#27;[32mAnd &amp#27;[0m&amp#27;[32mI upload a file &amp#27;[0m&amp#27;[32m&amp#27;[1m"testfile.txt"&amp#27;[0m               &amp#27;[90m# com.webform.automation.pages.WebFormSteps.iUploadAFile(java.lang.String)&amp#27;[0m
  &amp#27;[32mAnd &amp#27;[0m&amp#27;[32mI check the checkbox&amp#27;[0m                         &amp#27;[90m# com.webform.automation.pages.WebFormSteps.iCheckTheCheckbox()&amp#27;[0m
  &amp#27;[32mAnd &amp#27;[0m&amp#27;[32mI select color &amp#27;[0m&amp#27;[32m&amp#27;[1m"#ff0000"&amp#27;[0m                     &amp#27;[90m# com.webform.automation.pages.WebFormSteps.iSelectColor(java.lang.String)&amp#27;[0m
  &amp#27;[32mAnd &amp#27;[0m&amp#27;[32mI select date &amp#27;[0m&amp#27;[32m&amp#27;[1m"2023-10-10"&amp#27;[0m                   &amp#27;[90m# com.webform.automation.pages.WebFormSteps.iSelectDate(java.lang.String)&amp#27;[0m
  &amp#27;[32mAnd &amp#27;[0m&amp#27;[32mI set range value &amp#27;[0m&amp#27;[32m&amp#27;[1m"5"&amp#27;[0m                        &amp#27;[90m# com.webform.automation.pages.WebFormSteps.iSetRangeValue(java.lang.String)&amp#27;[0m
  &amp#27;[32mThen &amp#27;[0m&amp#27;[32mI submit the form&amp#27;[0m                           &amp#27;[90m# com.webform.automation.pages.WebFormSteps.iSubmitTheForm()&amp#27;[0m

    API test completed: Fill and submit the web form

]]></system-out>
    <system-err><![CDATA[Feb 27, 2025 9:44:48 PM org.openqa.selenium.devtools.CdpVersionFinder findNearestMatch
WARNING: Unable to find CDP implementation matching 133
Feb 27, 2025 9:44:48 PM org.openqa.selenium.chromium.ChromiumDriver lambda$new$5
WARNING: Unable to find version of CDP to use for 133.0.6943.98. You may need to include a dependency on a specific version of the CDP using something similar to `org.seleniumhq.selenium:selenium-devtools-v86:4.11.0` where the version ("v86") matches the version of the chromium-based browser you're using and the version number of the artifact is the same as Selenium's.
]]></system-err>
  </testcase>
  <testcase name="runScenario[&quot;Attempt to interact with disabled field&quot;, &quot;Web Form Testing&quot;](2)" classname="com.webform.automation.runners.UiTestRunner" time="3.893">
    <system-out><![CDATA[
@ui
Scenario: Attempt to interact with disabled field &amp#27;[90m# src/test/resources/features/web_form.feature:18&amp#27;[0m

    Starting API test: Attempt to interact with disabled field

  &amp#27;[32mGiven &amp#27;[0m&amp#27;[32mI am on the web form page&amp#27;[0m                 &amp#27;[90m# com.webform.automation.pages.WebFormSteps.iAmOnTheWebFormPage()&amp#27;[0m
  &amp#27;[32mWhen &amp#27;[0m&amp#27;[32mI try to interact with the disabled field&amp#27;[0m  &amp#27;[90m# com.webform.automation.pages.WebFormSteps.iTryToInteractWithDisabledField()&amp#27;[0m
  &amp#27;[32mThen &amp#27;[0m&amp#27;[32mthe disabled field should remain unchanged&amp#27;[0m &amp#27;[90m# com.webform.automation.pages.WebFormSteps.theDisabledFieldShouldRemainUnchanged()&amp#27;[0m

    API test completed: Attempt to interact with disabled field

]]></system-out>
    <system-err><![CDATA[Feb 27, 2025 9:44:55 PM org.openqa.selenium.devtools.CdpVersionFinder findNearestMatch
WARNING: Unable to find CDP implementation matching 133
Feb 27, 2025 9:44:55 PM org.openqa.selenium.chromium.ChromiumDriver lambda$new$5
WARNING: Unable to find version of CDP to use for 133.0.6943.98. You may need to include a dependency on a specific version of the CDP using something similar to `org.seleniumhq.selenium:selenium-devtools-v86:4.11.0` where the version ("v86") matches the version of the chromium-based browser you're using and the version number of the artifact is the same as Selenium's.
]]></system-err>
  </testcase>
  <testcase name="runScenario[&quot;Upload invalid file type&quot;, &quot;Web Form Testing&quot;](3)" classname="com.webform.automation.runners.UiTestRunner" time="4.263">
    <system-out><![CDATA[
@ui
Scenario: Upload invalid file type                   &amp#27;[90m# src/test/resources/features/web_form.feature:30&amp#27;[0m

    Starting API test: Upload invalid file type

  &amp#27;[32mGiven &amp#27;[0m&amp#27;[32mI am on the web form page&amp#27;[0m                    &amp#27;[90m# com.webform.automation.pages.WebFormSteps.iAmOnTheWebFormPage()&amp#27;[0m
  &amp#27;[32mWhen &amp#27;[0m&amp#27;[32mI enter &amp#27;[0m&amp#27;[32m&amp#27;[1m"Test User"&amp#27;[0m&amp#27;[32m in the text input field&amp#27;[0m   &amp#27;[90m# com.webform.automation.pages.WebFormSteps.iEnterInTheTextInputField(java.lang.String)&amp#27;[0m
  &amp#27;[32mAnd &amp#27;[0m&amp#27;[32mI upload a file &amp#27;[0m&amp#27;[32m&amp#27;[1m"invalid.exe"&amp#27;[0m                  &amp#27;[90m# com.webform.automation.pages.WebFormSteps.iUploadAFile(java.lang.String)&amp#27;[0m
  &amp#27;[32mAnd &amp#27;[0m&amp#27;[32mI submit the form&amp#27;[0m                              &amp#27;[90m# com.webform.automation.pages.WebFormSteps.iSubmitTheForm()&amp#27;[0m
  &amp#27;[32mThen &amp#27;[0m&amp#27;[32mI check if the form submission was successful&amp#27;[0m &amp#27;[90m# com.webform.automation.pages.WebFormSteps.iCheckIfFormSubmissionWasSuccessful()&amp#27;[0m

    API test completed: Upload invalid file type

]]></system-out>
    <system-err><![CDATA[Feb 27, 2025 9:44:58 PM org.openqa.selenium.devtools.CdpVersionFinder findNearestMatch
WARNING: Unable to find CDP implementation matching 133
Feb 27, 2025 9:44:58 PM org.openqa.selenium.chromium.ChromiumDriver lambda$new$5
WARNING: Unable to find version of CDP to use for 133.0.6943.98. You may need to include a dependency on a specific version of the CDP using something similar to `org.seleniumhq.selenium:selenium-devtools-v86:4.11.0` where the version ("v86") matches the version of the chromium-based browser you're using and the version number of the artifact is the same as Selenium's.
]]></system-err>
  </testcase>
</testsuite>