<?xml version="1.0" encoding="UTF-8"?>
<testsuite xmlns:xsi="http://www.w3.org/2001/XMLSchema-instance" xsi:noNamespaceSchemaLocation="https://maven.apache.org/surefire/maven-surefire-plugin/xsd/surefire-test-report-3.0.xsd" version="3.0" name="TestSuite" time="29.671" tests="5" errors="0" skipped="0" failures="0">
  <properties>
[...]
</properties>
  <testcase name="runScenario[&quot;Fill and submit the web form&quot;, &quot;Web Form Testing&quot;](1)" classname="com.webform.automation.runners.UiTestRunner" time="10.387">
    <system-out><![CDATA[
@ui
Scenario: Fill and submit the web form             &amp#27;[90m# src/test/resources/features/web_form.feature:4&amp#27;[0m

    Starting API test: Fill and submit the web form

  &amp#27;[32mGiven &amp#27;[0m&amp#27;[32mI am on the web form page&amp#27;[0m                  &amp#27;[90m# com.webform.automation.pages.WebFormSteps.iAmOnTheWebFormPage()&amp#27;[0m
  &amp#27;[32mWhen &amp#27;[0m&amp#27;[32mI enter &amp#27;[0m&amp#27;[32m&amp#27;[1m"Test User"&amp#27;[0m&amp#27;[32m in the text input field&amp#27;[0m &amp#27;[90m# com.webform.automation.pages.WebFormSteps.iEnterInTheTextInputField(java.lang.String)&amp#27;[0m
  &amp#27;[32mAnd &amp#27;[0m&amp#27;[32mI enter &amp#27;[0m&amp#27;[32m&amp#27;[1m"password123"&amp#27;[0m&amp#27;[32m in the password field&amp#27;[0m  &amp#27;[90m# com.webform.automation.pages.WebFormSteps.iEnterInThePasswordField(java.lang.String)&amp#27;[0m
  &amp#27;[32mAnd &amp#27;[0m&amp#27;[32mI enter &amp#27;[0m&amp#27;[32m&amp#27;[1m"This is a test."&amp#27;[0m&amp#27;[32m in the textarea&amp#27;[0m    &amp#27;[90m# com.webform.automation.pages.WebFormSteps.iEnterInTheTextarea(java.lang.String)&amp#27;[0m
  &amp#27;[32mAnd &amp#27;[0m&amp#27;[32mI select &amp#27;[0m&amp#27;[32m&amp#27;[1m"One"&amp#27;[0m&amp#27;[32m from the dropdown menu&amp#27;[0m        &amp#27;[90m# com.webform.automation.pages.WebFormSteps.iSelectFromTheDropdownMenu(java.lang.String)&amp#27;[0m
  &amp#27;[32mAnd &amp#27;[0m&amp#27;[32mI upload a file &amp#27;[0m&amp#27;[32m&amp#27;[1m"testfile.txt"&amp#27;[0m               &amp#27;[90m# com.webform.automation.pages.WebFormSteps.iUploadAFile(java.lang.String)&amp#27;[0m
  &amp#27;[32mAnd &amp#27;[0m&amp#27;[32mI check the checkbox&amp#27;[0m                         &amp#27;[90m# com.webform.automation.pages.WebFormSteps.iCheckTheCheckbox()&amp#27;[0m
  &amp#27;[32mAnd &amp#27;[0m&amp#27;[32mI select color &amp#27;[0m&amp#27;[32m&amp#27;[1m"#ff0000"&amp#27;[0m                     &amp#27;[90m# com.webform.automation.pages.WebFormSteps.iSelectColor(java.lang.String)&amp#27;[0m
  &amp#27;[32mAnd &amp#27;[0m&amp#27;[32mI select date &amp#27;[0m&amp#27;[32m&amp#27;[1m"2023-10-10"&amp#27;[0m                   &amp#27;[90m# com.webform.automation.pages.WebFormSteps.iSelectDate(java.lang.String)&amp#27;[0m
  &amp#27;[32mAnd &amp#27;[0m&amp#27;[32mI set range value &amp#27;[0m&amp#27;[32m&amp#27;[1m"5"&amp#27;[0m                        &amp#27;[90m# com.webform.automation.pages.WebFormSteps.iSetRangeValue(java.lang.String)&amp#27;[0m
  &amp#27;[32mThen &amp#27;[0m&amp#27;[32mI submit the form&amp#27;[0m                           &amp#27;[90m# com.webform.automation.pages.WebFormSteps.iSubmitTheForm()&amp#27;[0m

    API test completed: Fill and submit the web form

]]></system-out>
    <system-err><![CDATA[[main] WARN org.testng.internal.Configuration - Detected a static method [com.webform.automation.runners.ApiTestRunner.setup()]. Static configuration methods can cause  unexpected behavior.
Feb 27, 2025 9:42:48 PM org.openqa.selenium.devtools.CdpVersionFinder findNearestMatch
WARNING: Unable to find CDP implementation matching 133
Feb 27, 2025 9:42:48 PM org.openqa.selenium.chromium.ChromiumDriver lambda$new$5
WARNING: Unable to find version of CDP to use for 133.0.6943.98. You may need to include a dependency on a specific version of the CDP using something similar to `org.seleniumhq.selenium:selenium-devtools-v86:4.11.0` where the version ("v86") matches the version of the chromium-based browser you're using and the version number of the artifact is the same as Selenium's.
]]></system-err>
  </testcase>
  <testcase name="runScenario[&quot;Attempt to interact with disabled field&quot;, &quot;Web Form Testing&quot;](2)" classname="com.webform.automation.runners.UiTestRunner" time="3.862">
    <system-out><![CDATA[
@ui
Scenario: Attempt to interact with disabled field &amp#27;[90m# src/test/resources/features/web_form.feature:18&amp#27;[0m

    Starting API test: Attempt to interact with disabled field

  &amp#27;[32mGiven &amp#27;[0m&amp#27;[32mI am on the web form page&amp#27;[0m                 &amp#27;[90m# com.webform.automation.pages.WebFormSteps.iAmOnTheWebFormPage()&amp#27;[0m
  &amp#27;[32mWhen &amp#27;[0m&amp#27;[32mI try to interact with the disabled field&amp#27;[0m  &amp#27;[90m# com.webform.automation.pages.WebFormSteps.iTryToInteractWithDisabledField()&amp#27;[0m
  &amp#27;[32mThen &amp#27;[0m&amp#27;[32mthe disabled field should remain unchanged&amp#27;[0m &amp#27;[90m# com.webform.automation.pages.WebFormSteps.theDisabledFieldShouldRemainUnchanged()&amp#27;[0m

    API test completed: Attempt to interact with disabled field

]]></system-out>
    <system-err><![CDATA[Feb 27, 2025 9:42:56 PM org.openqa.selenium.devtools.CdpVersionFinder findNearestMatch
WARNING: Unable to find CDP implementation matching 133
Feb 27, 2025 9:42:56 PM org.openqa.selenium.chromium.ChromiumDriver lambda$new$5
WARNING: Unable to find version of CDP to use for 133.0.6943.98. You may need to include a dependency on a specific version of the CDP using something similar to `org.seleniumhq.selenium:selenium-devtools-v86:4.11.0` where the version ("v86") matches the version of the chromium-based browser you're using and the version number of the artifact is the same as Selenium's.
]]></system-err>
  </testcase>
  <testcase name="runScenario[&quot;Upload invalid file type&quot;, &quot;Web Form Testing&quot;](3)" classname="com.webform.automation.runners.UiTestRunner" time="5.107">
    <system-out><![CDATA[
@ui
Scenario: Upload invalid file type                   &amp#27;[90m# src/test/resources/features/web_form.feature:30&amp#27;[0m

    Starting API test: Upload invalid file type

  &amp#27;[32mGiven &amp#27;[0m&amp#27;[32mI am on the web form page&amp#27;[0m                    &amp#27;[90m# com.webform.automation.pages.WebFormSteps.iAmOnTheWebFormPage()&amp#27;[0m
  &amp#27;[32mWhen &amp#27;[0m&amp#27;[32mI enter &amp#27;[0m&amp#27;[32m&amp#27;[1m"Test User"&amp#27;[0m&amp#27;[32m in the text input field&amp#27;[0m   &amp#27;[90m# com.webform.automation.pages.WebFormSteps.iEnterInTheTextInputField(java.lang.String)&amp#27;[0m
  &amp#27;[32mAnd &amp#27;[0m&amp#27;[32mI upload a file &amp#27;[0m&amp#27;[32m&amp#27;[1m"invalid.exe"&amp#27;[0m                  &amp#27;[90m# com.webform.automation.pages.WebFormSteps.iUploadAFile(java.lang.String)&amp#27;[0m
  &amp#27;[32mAnd &amp#27;[0m&amp#27;[32mI submit the form&amp#27;[0m                              &amp#27;[90m# com.webform.automation.pages.WebFormSteps.iSubmitTheForm()&amp#27;[0m
  &amp#27;[32mThen &amp#27;[0m&amp#27;[32mI check if the form submission was successful&amp#27;[0m &amp#27;[90m# com.webform.automation.pages.WebFormSteps.iCheckIfFormSubmissionWasSuccessful()&amp#27;[0m

    API test completed: Upload invalid file type

]]></system-out>
    <system-err><![CDATA[Feb 27, 2025 9:43:01 PM org.openqa.selenium.devtools.CdpVersionFinder findNearestMatch
WARNING: Unable to find CDP implementation matching 133
Feb 27, 2025 9:43:01 PM org.openqa.selenium.chromium.ChromiumDriver lambda$new$5
WARNING: Unable to find version of CDP to use for 133.0.6943.98. You may need to include a dependency on a specific version of the CDP using something similar to `org.seleniumhq.selenium:selenium-devtools-v86:4.11.0` where the version ("v86") matches the version of the chromium-based browser you're using and the version number of the artifact is the same as Selenium's.
]]></system-err>
  </testcase>
  <testcase name="runScenario[&quot;Successfully retrieve the oldest person ever data&quot;, &quot;Oldest Person API Testing&quot;](1)" classname="com.webform.automation.runners.ApiTestRunner" time="5.297">
    <system-out><![CDATA[
@api
Scenario: Successfully retrieve the oldest person ever data &amp#27;[90m# src/test/resources/features/oldest_person_api.feature:4&amp#27;[0m

    Starting API test: Successfully retrieve the oldest person ever data

Request method:	GET
Request URI:	https://whoistheoldest.com/api/oldest-person-ever
Proxy:			<none>
Request params:	<none>
Query params:	<none>
Form params:	<none>
Path params:	<none>
Headers:		Accept=*/*
Cookies:		<none>
Multiparts:		<none>
Body:			<none>
HTTP/1.1 200 OK
Date: Thu, 27 Feb 2025 21:43:05 GMT
Content-Type: application/json; charset=utf-8
Transfer-Encoding: chunked
Connection: keep-alive
X-Powered-By: Express
Access-Control-Allow-Origin: *
ETag: W/"96-sDAx9W/xv8blRy0RC30U8UNXnzY"
cf-cache-status: DYNAMIC
Report-To: {"endpoints":[{"url":"https:\/\/a.nel.cloudflare.com\/report\/v4?s=%2BfWVbR5sZZNs9WHn%2B7uCNREBiGx9i%2BBvZkT1wJwKY0VHsRrU7DZQn%2Bp6vuGevboGauR43rEEm5BQCzIZqA6uiTs5tb7KEJzUY6U4MLE6gy0GqsYVgB1Vde8AlTxjR7UiPiAelpA%3D"}],"group":"cf-nel","max_age":604800}
NEL: {"success_fraction":0,"report_to":"cf-nel","max_age":604800}
Server: cloudflare
CF-RAY: 918b59355df73607-MAN
Content-Encoding: gzip
alt-svc: h3=":443"; ma=86400
server-timing: cfL4;desc="?proto=TCP&rtt=13713&min_rtt=11560&rtt_var=5873&sent=7&recv=7&lost=0&retrans=0&sent_bytes=3136&recv_bytes=775&delivery_rate=378892&cwnd=252&unsent_bytes=0&cid=f3306475cbe75ccc&ts=417&x=0"

{
    "id": 1,
    "name": "Jeanne Calment",
    "age": 122,
    "country": "France",
    "updated_at": "2024-10-12T22:02:51.000Z",
    "birthdate": "1875-02-20T22:43:40.000Z",
    "alive": 0
}
  &amp#27;[32mWhen &amp#27;[0m&amp#27;[32mI send a GET request to the oldest person API&amp#27;[0m        &amp#27;[90m# com.webform.automation.pages.OldestPersonApiSteps.iSendAGETRequestToTheOldestPersonAPI()&amp#27;[0m
  &amp#27;[32mThen &amp#27;[0m&amp#27;[32mthe API response status code should be &amp#27;[0m&amp#27;[32m&amp#27;[1m200&amp#27;[0m           &amp#27;[90m# com.webform.automation.pages.OldestPersonApiSteps.theAPIResponseStatusCodeShouldBe(int)&amp#27;[0m
  &amp#27;[32mAnd &amp#27;[0m&amp#27;[32mthe response should contain valid oldest person data&amp#27;[0m  &amp#27;[90m# com.webform.automation.pages.OldestPersonApiSteps.theResponseShouldContainValidOldestPersonData()&amp#27;[0m
  &amp#27;[32mAnd &amp#27;[0m&amp#27;[32mthe oldest person should be &amp#27;[0m&amp#27;[32m&amp#27;[1m"Jeanne Calment"&amp#27;[0m          &amp#27;[90m# com.webform.automation.pages.OldestPersonApiSteps.theOldestPersonShouldBe(java.lang.String)&amp#27;[0m
  &amp#27;[32mAnd &amp#27;[0m&amp#27;[32mthe oldest person age should be &amp#27;[0m&amp#27;[32m&amp#27;[1m122&amp#27;[0m                   &amp#27;[90m# com.webform.automation.pages.OldestPersonApiSteps.theOldestPersonAgeShouldBe(int)&amp#27;[0m
  &amp#27;[32mAnd &amp#27;[0m&amp#27;[32mthe oldest person country should be &amp#27;[0m&amp#27;[32m&amp#27;[1m"France"&amp#27;[0m          &amp#27;[90m# com.webform.automation.pages.OldestPersonApiSteps.theOldestPersonCountryShouldBe(java.lang.String)&amp#27;[0m

    API test completed: Successfully retrieve the oldest person ever data


    Final response status code: 200


    Embedding API Response [application/json 193 bytes]

]]></system-out>
    <system-err><![CDATA[&amp#27;[32m&amp#27;[1m┌───────────────────────────────────────────────────────────────────────────────────┐&amp#27;[0m
&amp#27;[32m&amp#27;[1m│&amp#27;[0m Share your Cucumber Report with your team at &amp#27;[36m&amp#27;[1m&amp#27;[4mhttps://reports.cucumber.io&amp#27;[0m          &amp#27;[32m&amp#27;[1m│&amp#27;[0m
&amp#27;[32m&amp#27;[1m│&amp#27;[0m Activate publishing with one of the following:                                    &amp#27;[32m&amp#27;[1m│&amp#27;[0m
&amp#27;[32m&amp#27;[1m│&amp#27;[0m                                                                                   &amp#27;[32m&amp#27;[1m│&amp#27;[0m
&amp#27;[32m&amp#27;[1m│&amp#27;[0m src/test/resources/cucumber.properties:          &amp#27;[36mcucumber.publish.enabled&amp#27;[0m=&amp#27;[36mtrue&amp#27;[0m    &amp#27;[32m&amp#27;[1m│&amp#27;[0m
&amp#27;[32m&amp#27;[1m│&amp#27;[0m src/test/resources/junit-platform.properties:    &amp#27;[36mcucumber.publish.enabled&amp#27;[0m=&amp#27;[36mtrue&amp#27;[0m    &amp#27;[32m&amp#27;[1m│&amp#27;[0m
&amp#27;[32m&amp#27;[1m│&amp#27;[0m Environment variable:                            &amp#27;[36mCUCUMBER_PUBLISH_ENABLED&amp#27;[0m=&amp#27;[36mtrue&amp#27;[0m    &amp#27;[32m&amp#27;[1m│&amp#27;[0m
&amp#27;[32m&amp#27;[1m│&amp#27;[0m JUnit:                                           &amp#27;[36m@CucumberOptions&amp#27;[0m(publish = &amp#27;[36mtrue&amp#27;[0m) &amp#27;[32m&amp#27;[1m│&amp#27;[0m
&amp#27;[32m&amp#27;[1m│&amp#27;[0m                                                                                   &amp#27;[32m&amp#27;[1m│&amp#27;[0m
&amp#27;[32m&amp#27;[1m│&amp#27;[0m More information at &amp#27;[36mhttps://cucumber.io/docs/cucumber/environment-variables/&amp#27;[0m      &amp#27;[32m&amp#27;[1m│&amp#27;[0m
&amp#27;[32m&amp#27;[1m│&amp#27;[0m                                                                                   &amp#27;[32m&amp#27;[1m│&amp#27;[0m
&amp#27;[32m&amp#27;[1m│&amp#27;[0m Disable this message with one of the following:                                   &amp#27;[32m&amp#27;[1m│&amp#27;[0m
&amp#27;[32m&amp#27;[1m│&amp#27;[0m                                                                                   &amp#27;[32m&amp#27;[1m│&amp#27;[0m
&amp#27;[32m&amp#27;[1m│&amp#27;[0m src/test/resources/cucumber.properties:          &amp#27;[36mcucumber.publish.quiet&amp#27;[0m=&amp#27;[36mtrue&amp#27;[0m      &amp#27;[32m&amp#27;[1m│&amp#27;[0m
&amp#27;[32m&amp#27;[1m│&amp#27;[0m src/test/resources/junit-platform.properties:    &amp#27;[36mcucumber.publish.quiet&amp#27;[0m=&amp#27;[36mtrue&amp#27;[0m      &amp#27;[32m&amp#27;[1m│&amp#27;[0m
&amp#27;[32m&amp#27;[1m└───────────────────────────────────────────────────────────────────────────────────┘&amp#27;[0m
]]></system-err>
  </testcase>
  <testcase name="runScenario[&quot;Fail to retrieve data with incorrect endpoint&quot;, &quot;Oldest Person API Testing&quot;](2)" classname="com.webform.automation.runners.ApiTestRunner" time="1.299">
    <system-out><![CDATA[
@api
Scenario: Fail to retrieve data with incorrect endpoint              &amp#27;[90m# src/test/resources/features/oldest_person_api.feature:13&amp#27;[0m

    Starting API test: Fail to retrieve data with incorrect endpoint

Request method:	GET
Request URI:	https://whoistheoldest.com/api/invalid-endpoint
Proxy:			<none>
Request params:	<none>
Query params:	<none>
Form params:	<none>
Path params:	<none>
Headers:		Accept=*/*
Cookies:		<none>
Multiparts:		<none>
Body:			<none>
HTTP/1.1 404 Not Found
Date: Thu, 27 Feb 2025 21:43:08 GMT
Content-Type: text/html; charset=utf-8
Transfer-Encoding: chunked
Connection: keep-alive
X-Powered-By: Express
Access-Control-Allow-Origin: *
Content-Security-Policy: default-src 'none'
X-Content-Type-Options: nosniff
cf-cache-status: DYNAMIC
Report-To: {"endpoints":[{"url":"https:\/\/a.nel.cloudflare.com\/report\/v4?s=NiVVuJIXzFAVWBgoopb5CtGohy4a1bcJIrWZlHmo%2FUuM3gXvxcTl7j4p3w7mAhWtyg8DcjcQtpxLxBhZfnC4ZK7WyAEFtjOS8e31QE%2BD1UFEr3QOlkfXnmS6YeL7NLgrkOPuuSM%3D"}],"group":"cf-nel","max_age":604800}
NEL: {"success_fraction":0,"report_to":"cf-nel","max_age":604800}
Server: cloudflare
CF-RAY: 918b5943deed6a37-MAN
Content-Encoding: gzip
alt-svc: h3=":443"; ma=86400
server-timing: cfL4;desc="?proto=TCP&rtt=11691&min_rtt=11065&rtt_var=5402&sent=5&recv=6&lost=0&retrans=0&sent_bytes=3134&recv_bytes=773&delivery_rate=272421&cwnd=252&unsent_bytes=0&cid=7f4dc14466adf692&ts=120&x=0"

<html lang="en">
  <head>
    <meta charset="utf-8"/>
    <title>Error</title>
  </head>
  <body>
    <pre>Cannot GET /invalid-endpoint</pre>
  </body>
</html>
  &amp#27;[32mWhen &amp#27;[0m&amp#27;[32mI send a GET request to an invalid oldest person API endpoint&amp#27;[0m &amp#27;[90m# com.webform.automation.pages.OldestPersonApiSteps.iSendAGETRequestToAnInvalidOldestPersonAPIEndpoint()&amp#27;[0m
  &amp#27;[32mThen &amp#27;[0m&amp#27;[32mthe API response status code should be &amp#27;[0m&amp#27;[32m&amp#27;[1m404&amp#27;[0m                    &amp#27;[90m# com.webform.automation.pages.OldestPersonApiSteps.theAPIResponseStatusCodeShouldBe(int)&amp#27;[0m
  &amp#27;[32mAnd &amp#27;[0m&amp#27;[32mthe response should contain an error&amp#27;[0m                           &amp#27;[90m# com.webform.automation.pages.OldestPersonApiSteps.theResponseShouldContainAnError()&amp#27;[0m

    API test completed: Fail to retrieve data with incorrect endpoint


    Final response status code: 404


    Embedding API Response [application/json 159 bytes]

]]></system-out>
  </testcase>
</testsuite>