<?xml version="1.0" encoding="UTF-8"?>
<testng-results ignored="0" total="3" passed="3" failed="0" skipped="0">
  <reporter-output>
  </reporter-output>
  <suite started-at="2025-02-27T21:44:42 GMT" name="Surefire suite" finished-at="2025-02-27T21:45:01 GMT" duration-ms="18324">
    <groups>
      <group name="ui">
        <method signature="AbstractTestNGCucumberTests.runScenario(io.cucumber.testng.PickleWrapper,io.cucumber.testng.FeatureWrapper)[pri:0, instance:com.webform.automation.runners.UiTestRunner@50eac852]" name="runScenario" class="io.cucumber.testng.AbstractTestNGCucumberTests"/>
      </group> <!-- ui -->
      <group name="cucumber">
        <method signature="AbstractTestNGCucumberTests.runScenario(io.cucumber.testng.PickleWrapper,io.cucumber.testng.FeatureWrapper)[pri:0, instance:com.webform.automation.runners.UiTestRunner@50eac852]" name="runScenario" class="io.cucumber.testng.AbstractTestNGCucumberTests"/>
      </group> <!-- cucumber -->
    </groups>
    <test started-at="2025-02-27T21:44:42 GMT" name="Surefire test" finished-at="2025-02-27T21:45:01 GMT" duration-ms="18324">
      <class name="com.webform.automation.runners.UiTestRunner">
        <test-method is-config="true" signature="setUpClass(org.testng.ITestContext)[pri:0, instance:com.webform.automation.runners.UiTestRunner@50eac852]" started-at="2025-02-27T21:44:42 GMT" name="setUpClass" finished-at="2025-02-27T21:44:43 GMT" duration-ms="1258" status="PASS">
          <params>
            <param index="0">
              <value>
                <![CDATA[org.testng.TestRunner@662be9f7]]>
              </value>
            </param>
          </params>
          <reporter-output>
          </reporter-output>
        </test-method> <!-- setUpClass -->
        <test-method signature="runScenario(io.cucumber.testng.PickleWrapper,io.cucumber.testng.FeatureWrapper)[pri:0, instance:com.webform.automation.runners.UiTestRunner@50eac852]" started-at="2025-02-27T21:44:44 GMT" name="runScenario" description="Runs Cucumber Scenarios" data-provider="scenarios" finished-at="2025-02-27T21:44:52 GMT" duration-ms="8689" status="PASS">
          <params>
            <param index="0">
              <value>
                <![CDATA["Fill and submit the web form"]]>
              </value>
            </param>
            <param index="1">
              <value>
                <![CDATA["Web Form Testing"]]>
              </value>
            </param>
          </params>
          <reporter-output>
          </reporter-output>
        </test-method> <!-- runScenario -->
        <test-method signature="runScenario(io.cucumber.testng.PickleWrapper,io.cucumber.testng.FeatureWrapper)[pri:0, instance:com.webform.automation.runners.UiTestRunner@50eac852]" started-at="2025-02-27T21:44:52 GMT" name="runScenario" description="Runs Cucumber Scenarios" data-provider="scenarios" finished-at="2025-02-27T21:44:56 GMT" duration-ms="3905" status="PASS">
          <params>
            <param index="0">
              <value>
                <![CDATA["Attempt to interact with disabled field"]]>
              </value>
            </param>
            <param index="1">
              <value>
                <![CDATA["Web Form Testing"]]>
              </value>
            </param>
          </params>
          <reporter-output>
          </reporter-output>
        </test-method> <!-- runScenario -->
        <test-method signature="runScenario(io.cucumber.testng.PickleWrapper,io.cucumber.testng.FeatureWrapper)[pri:0, instance:com.webform.automation.runners.UiTestRunner@50eac852]" started-at="2025-02-27T21:44:56 GMT" name="runScenario" description="Runs Cucumber Scenarios" data-provider="scenarios" finished-at="2025-02-27T21:45:00 GMT" duration-ms="4263" status="PASS">
          <params>
            <param index="0">
              <value>
                <![CDATA["Upload invalid file type"]]>
              </value>
            </param>
            <param index="1">
              <value>
                <![CDATA["Web Form Testing"]]>
              </value>
            </param>
          </params>
          <reporter-output>
          </reporter-output>
        </test-method> <!-- runScenario -->
        <test-method is-config="true" signature="tearDownClass()[pri:0, instance:com.webform.automation.runners.UiTestRunner@50eac852]" started-at="2025-02-27T21:45:00 GMT" name="tearDownClass" finished-at="2025-02-27T21:45:00 GMT" duration-ms="129" status="PASS">
          <reporter-output>
          </reporter-output>
        </test-method> <!-- tearDownClass -->
      </class> <!-- com.webform.automation.runners.UiTestRunner -->
    </test> <!-- Surefire test -->
  </suite> <!-- Surefire suite -->
</testng-results>
