<?xml version="1.0" encoding="UTF-8"?>
<testsuite xmlns:xsi="http://www.w3.org/2001/XMLSchema-instance" xsi:noNamespaceSchemaLocation="https://maven.apache.org/surefire/maven-surefire-plugin/xsd/surefire-test-report-3.0.xsd" version="3.0" name="com.webform.automation.runners.ApiTestRunner" time="10.8" tests="2" errors="0" skipped="0" failures="0">
  <properties>
[...]
</properties>
  <testcase name="runScenario[&quot;Successfully retrieve the oldest person ever data&quot;, &quot;Oldest Person API Testing&quot;](1)" classname="com.webform.automation.runners.ApiTestRunner" time="6.633">
    <system-out><![CDATA[
@api
Scenario: Successfully retrieve the oldest person ever data &amp#27;[90m# src/test/resources/features/oldest_person_api.feature:4&amp#27;[0m

    Starting API test: Successfully retrieve the oldest person ever data

Request method:	GET
Request URI:	https://whoistheoldest.com/api/oldest-person-ever
Proxy:			<none>
Request params:	<none>
Query params:	<none>
Form params:	<none>
Path params:	<none>
Headers:		Accept=*/*
Cookies:		<none>
Multiparts:		<none>
Body:			<none>
HTTP/1.1 200 OK
Date: Thu, 27 Feb 2025 21:44:04 GMT
Content-Type: application/json; charset=utf-8
Transfer-Encoding: chunked
Connection: keep-alive
X-Powered-By: Express
Access-Control-Allow-Origin: *
ETag: W/"96-sDAx9W/xv8blRy0RC30U8UNXnzY"
cf-cache-status: DYNAMIC
Report-To: {"endpoints":[{"url":"https:\/\/a.nel.cloudflare.com\/report\/v4?s=sl2hKZ1lskRfvjdlH7vhT%2BquBjhpenMHpGikJJ4Mqke%2BCJEim0i8CuyvxGlNpMA1pi96tPXgDZK6Ei%2BElfLpIY9HVbRkfiLcMOZn0l%2BXl6drOo0I1XmXw6ZsuLMD0YpLWkCQuCw%3D"}],"group":"cf-nel","max_age":604800}
NEL: {"success_fraction":0,"report_to":"cf-nel","max_age":604800}
Server: cloudflare
CF-RAY: 918b5aa46d466a37-MAN
Content-Encoding: gzip
alt-svc: h3=":443"; ma=86400
server-timing: cfL4;desc="?proto=TCP&rtt=13940&min_rtt=13458&rtt_var=5391&sent=7&recv=7&lost=0&retrans=0&sent_bytes=3135&recv_bytes=775&delivery_rate=325456&cwnd=252&unsent_bytes=0&cid=307aef2c2c2e0075&ts=476&x=0"

{
    "id": 1,
    "name": "Jeanne Calment",
    "age": 122,
    "country": "France",
    "updated_at": "2024-10-12T22:02:51.000Z",
    "birthdate": "1875-02-20T22:43:40.000Z",
    "alive": 0
}
  &amp#27;[32mWhen &amp#27;[0m&amp#27;[32mI send a GET request to the oldest person API&amp#27;[0m        &amp#27;[90m# com.webform.automation.pages.OldestPersonApiSteps.iSendAGETRequestToTheOldestPersonAPI()&amp#27;[0m
  &amp#27;[32mThen &amp#27;[0m&amp#27;[32mthe API response status code should be &amp#27;[0m&amp#27;[32m&amp#27;[1m200&amp#27;[0m           &amp#27;[90m# com.webform.automation.pages.OldestPersonApiSteps.theAPIResponseStatusCodeShouldBe(int)&amp#27;[0m
  &amp#27;[32mAnd &amp#27;[0m&amp#27;[32mthe response should contain valid oldest person data&amp#27;[0m  &amp#27;[90m# com.webform.automation.pages.OldestPersonApiSteps.theResponseShouldContainValidOldestPersonData()&amp#27;[0m
  &amp#27;[32mAnd &amp#27;[0m&amp#27;[32mthe oldest person should be &amp#27;[0m&amp#27;[32m&amp#27;[1m"Jeanne Calment"&amp#27;[0m          &amp#27;[90m# com.webform.automation.pages.OldestPersonApiSteps.theOldestPersonShouldBe(java.lang.String)&amp#27;[0m
  &amp#27;[32mAnd &amp#27;[0m&amp#27;[32mthe oldest person age should be &amp#27;[0m&amp#27;[32m&amp#27;[1m122&amp#27;[0m                   &amp#27;[90m# com.webform.automation.pages.OldestPersonApiSteps.theOldestPersonAgeShouldBe(int)&amp#27;[0m
  &amp#27;[32mAnd &amp#27;[0m&amp#27;[32mthe oldest person country should be &amp#27;[0m&amp#27;[32m&amp#27;[1m"France"&amp#27;[0m          &amp#27;[90m# com.webform.automation.pages.OldestPersonApiSteps.theOldestPersonCountryShouldBe(java.lang.String)&amp#27;[0m

    API test completed: Successfully retrieve the oldest person ever data


    Final response status code: 200


    Embedding API Response [application/json 193 bytes]

]]></system-out>
    <system-err><![CDATA[[main] WARN org.testng.internal.Configuration - Detected a static method [com.webform.automation.runners.ApiTestRunner.setup()]. Static configuration methods can cause  unexpected behavior.
]]></system-err>
  </testcase>
  <testcase name="runScenario[&quot;Fail to retrieve data with incorrect endpoint&quot;, &quot;Oldest Person API Testing&quot;](2)" classname="com.webform.automation.runners.ApiTestRunner" time="1.067">
    <system-out><![CDATA[
@api
Scenario: Fail to retrieve data with incorrect endpoint              &amp#27;[90m# src/test/resources/features/oldest_person_api.feature:13&amp#27;[0m

    Starting API test: Fail to retrieve data with incorrect endpoint

Request method:	GET
Request URI:	https://whoistheoldest.com/api/invalid-endpoint
Proxy:			<none>
Request params:	<none>
Query params:	<none>
Form params:	<none>
Path params:	<none>
Headers:		Accept=*/*
Cookies:		<none>
Multiparts:		<none>
Body:			<none>
HTTP/1.1 404 Not Found
Date: Thu, 27 Feb 2025 21:44:06 GMT
Content-Type: text/html; charset=utf-8
Transfer-Encoding: chunked
Connection: keep-alive
X-Powered-By: Express
Access-Control-Allow-Origin: *
Content-Security-Policy: default-src 'none'
X-Content-Type-Options: nosniff
cf-cache-status: DYNAMIC
Report-To: {"endpoints":[{"url":"https:\/\/a.nel.cloudflare.com\/report\/v4?s=2g0GL3O0vSIDPtAP%2Fa2C6XNcf6gnIPD6V6sV06G7unFPLrfdhMBOdrJ%2FyMHawFu32ZbnjXwOpz8qP8Zf0jvzSnawzXNRDb3CRJ50wLjsE049DBYUWyaP7vzyym3iXvrrcDR4lYQ%3D"}],"group":"cf-nel","max_age":604800}
NEL: {"success_fraction":0,"report_to":"cf-nel","max_age":604800}
Server: cloudflare
CF-RAY: 918b5ab2cb82cca6-MAN
Content-Encoding: gzip
alt-svc: h3=":443"; ma=86400
server-timing: cfL4;desc="?proto=TCP&rtt=10564&min_rtt=10466&rtt_var=4121&sent=5&recv=6&lost=0&retrans=0&sent_bytes=3135&recv_bytes=773&delivery_rate=389194&cwnd=252&unsent_bytes=0&cid=ea73d5262a832032&ts=138&x=0"

<html lang="en">
  <head>
    <meta charset="utf-8"/>
    <title>Error</title>
  </head>
  <body>
    <pre>Cannot GET /invalid-endpoint</pre>
  </body>
</html>
  &amp#27;[32mWhen &amp#27;[0m&amp#27;[32mI send a GET request to an invalid oldest person API endpoint&amp#27;[0m &amp#27;[90m# com.webform.automation.pages.OldestPersonApiSteps.iSendAGETRequestToAnInvalidOldestPersonAPIEndpoint()&amp#27;[0m
  &amp#27;[32mThen &amp#27;[0m&amp#27;[32mthe API response status code should be &amp#27;[0m&amp#27;[32m&amp#27;[1m404&amp#27;[0m                    &amp#27;[90m# com.webform.automation.pages.OldestPersonApiSteps.theAPIResponseStatusCodeShouldBe(int)&amp#27;[0m
  &amp#27;[32mAnd &amp#27;[0m&amp#27;[32mthe response should contain an error&amp#27;[0m                           &amp#27;[90m# com.webform.automation.pages.OldestPersonApiSteps.theResponseShouldContainAnError()&amp#27;[0m

    API test completed: Fail to retrieve data with incorrect endpoint


    Final response status code: 404


    Embedding API Response [application/json 159 bytes]

]]></system-out>
  </testcase>
</testsuite>